2025-02-07 00:40:16.185 [info] Extension host with pid 6230 started
2025-02-07 00:40:16.350 [info] ExtensionService#_doActivateExtension vscode.git-base, startup: true, activationEvent: '*', root cause: vscode.git
2025-02-07 00:40:16.443 [info] Lock '/home/ubuntu/.vscode-server/data/User/workspaceStorage/ee9394f814358eeff31a78ad590bc1a6/vscode.lock': Lock acquired.
2025-02-07 00:40:16.485 [info] ExtensionService#_doActivateExtension vscode.git, startup: true, activationEvent: '*'
2025-02-07 00:40:16.488 [info] ExtensionService#_doActivateExtension vscode.github, startup: true, activationEvent: '*'
2025-02-07 00:40:17.120 [info] Eager extensions activated
2025-02-07 00:40:17.122 [info] ExtensionService#_doActivateExtension vscode.debug-auto-launch, startup: false, activationEvent: 'onStartupFinished'
2025-02-07 00:40:17.123 [info] ExtensionService#_doActivateExtension vscode.merge-conflict, startup: false, activationEvent: 'onStartupFinished'
2025-02-07 00:40:51.982 [info] ExtensionService#_doActivateExtension vscode.emmet, startup: false, activationEvent: 'onLanguage'
2025-02-07 00:44:03.572 [info] ExtensionService#_doActivateExtension vscode.npm, startup: false, activationEvent: 'onTerminalQuickFixRequest:ms-vscode.npm-command'
2025-02-07 04:47:15.376 [warning] [Decorations] CAPPING events from decorations provider vscode.git 1239
2025-02-07 04:47:15.473 [warning] [Decorations] CAPPING events from decorations provider vscode.git 1239
2025-02-07 04:47:20.543 [warning] [Decorations] CAPPING events from decorations provider vscode.git 1239
2025-02-07 04:47:25.604 [warning] [Decorations] CAPPING events from decorations provider vscode.git 1239
2025-02-07 04:47:30.689 [warning] [Decorations] CAPPING events from decorations provider vscode.git 1239
2025-02-07 04:47:31.489 [info] ExtensionService#_doActivateExtension vscode.extension-editing, startup: false, activationEvent: 'onLanguage:json'
2025-02-07 04:47:31.493 [info] ExtensionService#_doActivateExtension vscode.json-language-features, startup: false, activationEvent: 'onLanguage:json'
2025-02-07 04:47:38.559 [warning] [Decorations] CAPPING events from decorations provider vscode.git 1241
2025-02-07 04:47:46.520 [warning] [Decorations] CAPPING events from decorations provider vscode.git 1241
2025-02-07 04:47:51.588 [warning] [Decorations] CAPPING events from decorations provider vscode.git 1241
2025-02-07 04:47:56.665 [warning] [Decorations] CAPPING events from decorations provider vscode.git 1241
2025-02-07 04:48:01.730 [warning] [Decorations] CAPPING events from decorations provider vscode.git 1241
2025-02-07 04:48:06.825 [warning] [Decorations] CAPPING events from decorations provider vscode.git 1241
2025-02-07 04:48:11.903 [warning] [Decorations] CAPPING events from decorations provider vscode.git 1241
2025-02-07 04:48:19.966 [warning] [Decorations] CAPPING events from decorations provider vscode.git 1241
2025-02-07 04:48:25.041 [warning] [Decorations] CAPPING events from decorations provider vscode.git 1243
2025-02-07 04:48:30.107 [warning] [Decorations] CAPPING events from decorations provider vscode.git 1243
